/cluster/work/bewi/members/gbotta/exploratory_da/workflow/.snakemake/conda/d84ec9f799574f40cc3a30393c2faafd_/bin/picard: line 5: warning: setlocale: LC_ALL: cannot change locale (en_US.UTF-8): No such file or directory
INFO	2025-10-18 13:54:16	CollectGcBiasMetrics	

********** NOTE: Picard's command line syntax is changing.
**********
********** For more information, please see:
********** 
https://github.com/broadinstitute/picard/wiki/Command-Line-Syntax-Transition-For-Users-(Pre-Transition)
**********
********** The command line looks like this in the new syntax:
**********
**********    CollectGcBiasMetrics -I /cluster/work/bewi/members/gbotta/exploratory_da/results/prepare/bams/PID2236/mapped.sorted.healthy_cells.on_target.bam -O /cluster/work/bewi/members/gbotta/exploratory_da/results/qc/on_target/gc_bias/PID2236/gc_bias_metrics.txt -CHART /cluster/work/bewi/members/gbotta/exploratory_da/results/qc/on_target/gc_bias/PID2236/gc_bias_metrics.pdf -S /cluster/work/bewi/members/gbotta/exploratory_da/results/qc/on_target/gc_bias/PID2236/summary_metrics.txt -R /cluster/work/bewi/members/jgawron/INTeRCePT/tapestri/hg19/ucsc_hg19.fa
**********


INFO	2025-10-18 13:54:17	RExecutor	Executing R script via command: Rscript /tmp/script103428792688476537.R
ERROR	2025-10-18 13:54:19	ProcessExecutor	During startup - Warning messages:
ERROR	2025-10-18 13:54:19	ProcessExecutor	1: Setting LC_CTYPE failed, using "C" 
ERROR	2025-10-18 13:54:19	ProcessExecutor	2: Setting LC_COLLATE failed, using "C" 
ERROR	2025-10-18 13:54:19	ProcessExecutor	3: Setting LC_TIME failed, using "C" 
ERROR	2025-10-18 13:54:19	ProcessExecutor	4: Setting LC_MESSAGES failed, using "C" 
ERROR	2025-10-18 13:54:19	ProcessExecutor	5: Setting LC_MONETARY failed, using "C" 
ERROR	2025-10-18 13:54:19	ProcessExecutor	6: Setting LC_PAPER failed, using "C" 
ERROR	2025-10-18 13:54:19	ProcessExecutor	7: Setting LC_MEASUREMENT failed, using "C" 
INFO	2025-10-18 13:54:19	ProcessExecutor	[1] "Checking if R is installed"
13:54:19.277 INFO  NativeLibraryLoader - Loading libgkl_compression.so from jar:file:/cluster/work/bewi/members/gbotta/exploratory_da/workflow/.snakemake/conda/d84ec9f799574f40cc3a30393c2faafd_/share/picard-3.4.0-0/picard.jar!/com/intel/gkl/native/libgkl_compression.so
WARNING: A restricted method in java.lang.System has been called
WARNING: java.lang.System::load has been called by com.intel.gkl.NativeLibraryLoader in an unnamed module (file:/cluster/work/bewi/members/gbotta/exploratory_da/workflow/.snakemake/conda/d84ec9f799574f40cc3a30393c2faafd_/share/picard-3.4.0-0/picard.jar)
WARNING: Use --enable-native-access=ALL-UNNAMED to avoid a warning for callers in this module
WARNING: Restricted methods will be blocked in a future release unless native access is enabled

[Sat Oct 18 13:54:19 GMT 2025] CollectGcBiasMetrics CHART_OUTPUT=/cluster/work/bewi/members/gbotta/exploratory_da/results/qc/on_target/gc_bias/PID2236/gc_bias_metrics.pdf SUMMARY_OUTPUT=/cluster/work/bewi/members/gbotta/exploratory_da/results/qc/on_target/gc_bias/PID2236/summary_metrics.txt INPUT=/cluster/work/bewi/members/gbotta/exploratory_da/results/prepare/bams/PID2236/mapped.sorted.healthy_cells.on_target.bam OUTPUT=/cluster/work/bewi/members/gbotta/exploratory_da/results/qc/on_target/gc_bias/PID2236/gc_bias_metrics.txt REFERENCE_SEQUENCE=/cluster/work/bewi/members/jgawron/INTeRCePT/tapestri/hg19/ucsc_hg19.fa    SCAN_WINDOW_SIZE=100 MINIMUM_GENOME_FRACTION=1.0E-5 IS_BISULFITE_SEQUENCED=false METRIC_ACCUMULATION_LEVEL=[ALL_READS] ALSO_IGNORE_DUPLICATES=false ASSUME_SORTED=true STOP_AFTER=0 VERBOSITY=INFO QUIET=false VALIDATION_STRINGENCY=STRICT COMPRESSION_LEVEL=5 MAX_RECORDS_IN_RAM=500000 CREATE_INDEX=false CREATE_MD5_FILE=false USE_JDK_DEFLATER=false USE_JDK_INFLATER=false
[Sat Oct 18 13:54:19 GMT 2025] Executing as gbotta@eu-g9-041-4 on Linux 5.15.0-153-generic amd64; OpenJDK 64-Bit Server VM 24.0.2-internal-adhoc.conda.src; Deflater: Intel; Inflater: Intel; Provider GCS is available; Picard version: 3.4.0
INFO	2025-10-18 13:55:17	SinglePassSamProgram	Processed     1,000,000 records.  Elapsed time: 00:00:08s.  Time for last 1,000,000:    5s.  Last read position: chr1:120,460,289
INFO	2025-10-18 13:55:22	SinglePassSamProgram	Processed     2,000,000 records.  Elapsed time: 00:00:13s.  Time for last 1,000,000:    4s.  Last read position: chr1:120,467,699
INFO	2025-10-18 13:55:27	SinglePassSamProgram	Processed     3,000,000 records.  Elapsed time: 00:00:18s.  Time for last 1,000,000:    4s.  Last read position: chr1:120,491,062
INFO	2025-10-18 13:55:31	SinglePassSamProgram	Processed     4,000,000 records.  Elapsed time: 00:00:22s.  Time for last 1,000,000:    4s.  Last read position: chr1:203,275,224
INFO	2025-10-18 13:55:41	SinglePassSamProgram	Processed     5,000,000 records.  Elapsed time: 00:00:32s.  Time for last 1,000,000:   10s.  Last read position: chr3:31,712,271
INFO	2025-10-18 13:55:46	SinglePassSamProgram	Processed     6,000,000 records.  Elapsed time: 00:00:37s.  Time for last 1,000,000:    4s.  Last read position: chr3:187,447,086
INFO	2025-10-18 13:55:50	SinglePassSamProgram	Processed     7,000,000 records.  Elapsed time: 00:00:41s.  Time for last 1,000,000:    4s.  Last read position: chr3:187,463,537
INFO	2025-10-18 13:56:01	SinglePassSamProgram	Processed     8,000,000 records.  Elapsed time: 00:00:52s.  Time for last 1,000,000:   11s.  Last read position: chr6:393,649
INFO	2025-10-18 13:56:06	SinglePassSamProgram	Processed     9,000,000 records.  Elapsed time: 00:00:57s.  Time for last 1,000,000:    4s.  Last read position: chr6:106,547,260
INFO	2025-10-18 13:56:10	SinglePassSamProgram	Processed    10,000,000 records.  Elapsed time: 00:01:01s.  Time for last 1,000,000:    4s.  Last read position: chr6:138,202,243
INFO	2025-10-18 13:56:16	SinglePassSamProgram	Processed    11,000,000 records.  Elapsed time: 00:01:07s.  Time for last 1,000,000:    6s.  Last read position: chr7:148,504,655
INFO	2025-10-18 13:56:23	SinglePassSamProgram	Processed    12,000,000 records.  Elapsed time: 00:01:14s.  Time for last 1,000,000:    6s.  Last read position: chr8:103,287,815
INFO	2025-10-18 13:56:29	SinglePassSamProgram	Processed    13,000,000 records.  Elapsed time: 00:01:20s.  Time for last 1,000,000:    6s.  Last read position: chr9:21,971,192
INFO	2025-10-18 13:56:34	SinglePassSamProgram	Processed    14,000,000 records.  Elapsed time: 00:01:25s.  Time for last 1,000,000:    4s.  Last read position: chr9:21,974,219
INFO	2025-10-18 13:56:40	SinglePassSamProgram	Processed    15,000,000 records.  Elapsed time: 00:01:31s.  Time for last 1,000,000:    6s.  Last read position: chr10:89,720,765
INFO	2025-10-18 13:56:46	SinglePassSamProgram	Processed    16,000,000 records.  Elapsed time: 00:01:37s.  Time for last 1,000,000:    6s.  Last read position: chr11:108,106,324
INFO	2025-10-18 13:56:50	SinglePassSamProgram	Processed    17,000,000 records.  Elapsed time: 00:01:41s.  Time for last 1,000,000:    4s.  Last read position: chr11:108,159,692
INFO	2025-10-18 13:56:54	SinglePassSamProgram	Processed    18,000,000 records.  Elapsed time: 00:01:45s.  Time for last 1,000,000:    4s.  Last read position: chr11:108,196,744
INFO	2025-10-18 13:57:00	SinglePassSamProgram	Processed    19,000,000 records.  Elapsed time: 00:01:51s.  Time for last 1,000,000:    5s.  Last read position: chr12:12,022,711
INFO	2025-10-18 13:57:04	SinglePassSamProgram	Processed    20,000,000 records.  Elapsed time: 00:01:55s.  Time for last 1,000,000:    4s.  Last read position: chr12:12,040,144
INFO	2025-10-18 13:57:08	SinglePassSamProgram	Processed    21,000,000 records.  Elapsed time: 00:01:59s.  Time for last 1,000,000:    4s.  Last read position: chr12:12,043,060
INFO	2025-10-18 13:57:12	SinglePassSamProgram	Processed    22,000,000 records.  Elapsed time: 00:02:03s.  Time for last 1,000,000:    4s.  Last read position: chr12:49,424,330
INFO	2025-10-18 13:57:17	SinglePassSamProgram	Processed    23,000,000 records.  Elapsed time: 00:02:08s.  Time for last 1,000,000:    4s.  Last read position: chr12:49,430,679
INFO	2025-10-18 13:57:21	SinglePassSamProgram	Processed    24,000,000 records.  Elapsed time: 00:02:12s.  Time for last 1,000,000:    3s.  Last read position: chr12:49,435,961
INFO	2025-10-18 13:57:25	SinglePassSamProgram	Processed    25,000,000 records.  Elapsed time: 00:02:16s.  Time for last 1,000,000:    3s.  Last read position: chr12:49,442,321
INFO	2025-10-18 13:57:29	SinglePassSamProgram	Processed    26,000,000 records.  Elapsed time: 00:02:20s.  Time for last 1,000,000:    3s.  Last read position: chr12:49,448,294
INFO	2025-10-18 13:57:34	SinglePassSamProgram	Processed    27,000,000 records.  Elapsed time: 00:02:25s.  Time for last 1,000,000:    5s.  Last read position: chr13:103,515,326
INFO	2025-10-18 13:57:42	SinglePassSamProgram	Processed    28,000,000 records.  Elapsed time: 00:02:33s.  Time for last 1,000,000:    7s.  Last read position: chr16:3,786,599
INFO	2025-10-18 13:57:46	SinglePassSamProgram	Processed    29,000,000 records.  Elapsed time: 00:02:37s.  Time for last 1,000,000:    3s.  Last read position: chr16:3,824,566
INFO	2025-10-18 13:57:50	SinglePassSamProgram	Processed    30,000,000 records.  Elapsed time: 00:02:41s.  Time for last 1,000,000:    3s.  Last read position: chr16:28,944,893
INFO	2025-10-18 13:57:55	SinglePassSamProgram	Processed    31,000,000 records.  Elapsed time: 00:02:46s.  Time for last 1,000,000:    5s.  Last read position: chr17:7,578,337
INFO	2025-10-18 13:58:01	SinglePassSamProgram	Processed    32,000,000 records.  Elapsed time: 00:02:52s.  Time for last 1,000,000:    5s.  Last read position: chr19:6,586,072
INFO	2025-10-18 13:58:06	SinglePassSamProgram	Processed    33,000,000 records.  Elapsed time: 00:02:57s.  Time for last 1,000,000:    5s.  Last read position: chr22:23,230,804
INFO	2025-10-18 13:58:12	RExecutor	Executing R script via command: Rscript /tmp/script11482196680027872438.R /cluster/work/bewi/members/gbotta/exploratory_da/results/qc/on_target/gc_bias/PID2236/gc_bias_metrics.txt /cluster/work/bewi/members/gbotta/exploratory_da/results/qc/on_target/gc_bias/PID2236/summary_metrics.txt /cluster/work/bewi/members/gbotta/exploratory_da/results/qc/on_target/gc_bias/PID2236/gc_bias_metrics.pdf 100
ERROR	2025-10-18 13:58:14	ProcessExecutor	During startup - Warning messages:
ERROR	2025-10-18 13:58:14	ProcessExecutor	1: Setting LC_CTYPE failed, using "C" 
ERROR	2025-10-18 13:58:14	ProcessExecutor	2: Setting LC_COLLATE failed, using "C" 
ERROR	2025-10-18 13:58:14	ProcessExecutor	3: Setting LC_TIME failed, using "C" 
ERROR	2025-10-18 13:58:14	ProcessExecutor	4: Setting LC_MESSAGES failed, using "C" 
ERROR	2025-10-18 13:58:14	ProcessExecutor	5: Setting LC_MONETARY failed, using "C" 
ERROR	2025-10-18 13:58:14	ProcessExecutor	6: Setting LC_PAPER failed, using "C" 
ERROR	2025-10-18 13:58:14	ProcessExecutor	7: Setting LC_MEASUREMENT failed, using "C" 
INFO	2025-10-18 13:58:15	ProcessExecutor	Total clusters:  16803850 , Aligned reads:  33570248
[Sat Oct 18 13:58:15 GMT 2025] picard.analysis.CollectGcBiasMetrics done. Elapsed time: 3.93 minutes.
Runtime.totalMemory()=1262485504
