/cluster/work/bewi/members/gbotta/exploratory_da/workflow/.snakemake/conda/d84ec9f799574f40cc3a30393c2faafd_/bin/picard: line 5: warning: setlocale: LC_ALL: cannot change locale (en_US.UTF-8): No such file or directory
INFO	2025-10-18 13:54:20	CollectGcBiasMetrics	

********** NOTE: Picard's command line syntax is changing.
**********
********** For more information, please see:
********** 
https://github.com/broadinstitute/picard/wiki/Command-Line-Syntax-Transition-For-Users-(Pre-Transition)
**********
********** The command line looks like this in the new syntax:
**********
**********    CollectGcBiasMetrics -I /cluster/work/bewi/members/gbotta/exploratory_da/results/prepare/bams/QGF-211699_QGF-211702/mapped.sorted.healthy_cells.on_target.bam -O /cluster/work/bewi/members/gbotta/exploratory_da/results/qc/on_target/gc_bias/QGF-211699_QGF-211702/gc_bias_metrics.txt -CHART /cluster/work/bewi/members/gbotta/exploratory_da/results/qc/on_target/gc_bias/QGF-211699_QGF-211702/gc_bias_metrics.pdf -S /cluster/work/bewi/members/gbotta/exploratory_da/results/qc/on_target/gc_bias/QGF-211699_QGF-211702/summary_metrics.txt -R /cluster/work/bewi/members/jgawron/INTeRCePT/tapestri/hg19/ucsc_hg19.fa
**********


INFO	2025-10-18 13:54:20	RExecutor	Executing R script via command: Rscript /tmp/script4771527597518482023.R
ERROR	2025-10-18 13:54:20	ProcessExecutor	During startup - Warning messages:
ERROR	2025-10-18 13:54:20	ProcessExecutor	1: Setting LC_CTYPE failed, using "C" 
ERROR	2025-10-18 13:54:20	ProcessExecutor	2: Setting LC_COLLATE failed, using "C" 
ERROR	2025-10-18 13:54:20	ProcessExecutor	3: Setting LC_TIME failed, using "C" 
ERROR	2025-10-18 13:54:20	ProcessExecutor	4: Setting LC_MESSAGES failed, using "C" 
ERROR	2025-10-18 13:54:20	ProcessExecutor	5: Setting LC_MONETARY failed, using "C" 
ERROR	2025-10-18 13:54:20	ProcessExecutor	6: Setting LC_PAPER failed, using "C" 
ERROR	2025-10-18 13:54:20	ProcessExecutor	7: Setting LC_MEASUREMENT failed, using "C" 
INFO	2025-10-18 13:54:20	ProcessExecutor	[1] "Checking if R is installed"
13:54:20.559 INFO  NativeLibraryLoader - Loading libgkl_compression.so from jar:file:/cluster/work/bewi/members/gbotta/exploratory_da/workflow/.snakemake/conda/d84ec9f799574f40cc3a30393c2faafd_/share/picard-3.4.0-0/picard.jar!/com/intel/gkl/native/libgkl_compression.so
WARNING: A restricted method in java.lang.System has been called
WARNING: java.lang.System::load has been called by com.intel.gkl.NativeLibraryLoader in an unnamed module (file:/cluster/work/bewi/members/gbotta/exploratory_da/workflow/.snakemake/conda/d84ec9f799574f40cc3a30393c2faafd_/share/picard-3.4.0-0/picard.jar)
WARNING: Use --enable-native-access=ALL-UNNAMED to avoid a warning for callers in this module
WARNING: Restricted methods will be blocked in a future release unless native access is enabled

[Sat Oct 18 13:54:20 GMT 2025] CollectGcBiasMetrics CHART_OUTPUT=/cluster/work/bewi/members/gbotta/exploratory_da/results/qc/on_target/gc_bias/QGF-211699_QGF-211702/gc_bias_metrics.pdf SUMMARY_OUTPUT=/cluster/work/bewi/members/gbotta/exploratory_da/results/qc/on_target/gc_bias/QGF-211699_QGF-211702/summary_metrics.txt INPUT=/cluster/work/bewi/members/gbotta/exploratory_da/results/prepare/bams/QGF-211699_QGF-211702/mapped.sorted.healthy_cells.on_target.bam OUTPUT=/cluster/work/bewi/members/gbotta/exploratory_da/results/qc/on_target/gc_bias/QGF-211699_QGF-211702/gc_bias_metrics.txt REFERENCE_SEQUENCE=/cluster/work/bewi/members/jgawron/INTeRCePT/tapestri/hg19/ucsc_hg19.fa    SCAN_WINDOW_SIZE=100 MINIMUM_GENOME_FRACTION=1.0E-5 IS_BISULFITE_SEQUENCED=false METRIC_ACCUMULATION_LEVEL=[ALL_READS] ALSO_IGNORE_DUPLICATES=false ASSUME_SORTED=true STOP_AFTER=0 VERBOSITY=INFO QUIET=false VALIDATION_STRINGENCY=STRICT COMPRESSION_LEVEL=5 MAX_RECORDS_IN_RAM=500000 CREATE_INDEX=false CREATE_MD5_FILE=false USE_JDK_DEFLATER=false USE_JDK_INFLATER=false
[Sat Oct 18 13:54:20 GMT 2025] Executing as gbotta@eu-g9-041-4 on Linux 5.15.0-153-generic amd64; OpenJDK 64-Bit Server VM 24.0.2-internal-adhoc.conda.src; Deflater: Intel; Inflater: Intel; Provider GCS is available; Picard version: 3.4.0
INFO	2025-10-18 13:55:17	SinglePassSamProgram	Processed     1,000,000 records.  Elapsed time: 00:00:08s.  Time for last 1,000,000:    4s.  Last read position: chr1:120,459,269
INFO	2025-10-18 13:55:22	SinglePassSamProgram	Processed     2,000,000 records.  Elapsed time: 00:00:13s.  Time for last 1,000,000:    4s.  Last read position: chr1:120,465,277
INFO	2025-10-18 13:55:26	SinglePassSamProgram	Processed     3,000,000 records.  Elapsed time: 00:00:17s.  Time for last 1,000,000:    4s.  Last read position: chr1:120,478,001
INFO	2025-10-18 13:55:31	SinglePassSamProgram	Processed     4,000,000 records.  Elapsed time: 00:00:22s.  Time for last 1,000,000:    4s.  Last read position: chr1:120,506,190
INFO	2025-10-18 13:55:38	SinglePassSamProgram	Processed     5,000,000 records.  Elapsed time: 00:00:29s.  Time for last 1,000,000:    7s.  Last read position: chr2:61,147,003
INFO	2025-10-18 13:55:45	SinglePassSamProgram	Processed     6,000,000 records.  Elapsed time: 00:00:36s.  Time for last 1,000,000:    6s.  Last read position: chr3:49,405,741
INFO	2025-10-18 13:55:49	SinglePassSamProgram	Processed     7,000,000 records.  Elapsed time: 00:00:40s.  Time for last 1,000,000:    4s.  Last read position: chr3:187,447,086
INFO	2025-10-18 13:55:53	SinglePassSamProgram	Processed     8,000,000 records.  Elapsed time: 00:00:44s.  Time for last 1,000,000:    4s.  Last read position: chr3:187,462,969
INFO	2025-10-18 13:56:00	SinglePassSamProgram	Processed     9,000,000 records.  Elapsed time: 00:00:51s.  Time for last 1,000,000:    6s.  Last read position: chr4:187,530,864
INFO	2025-10-18 13:56:09	SinglePassSamProgram	Processed    10,000,000 records.  Elapsed time: 00:01:00s.  Time for last 1,000,000:    8s.  Last read position: chr6:106,536,060
INFO	2025-10-18 13:56:13	SinglePassSamProgram	Processed    11,000,000 records.  Elapsed time: 00:01:04s.  Time for last 1,000,000:    4s.  Last read position: chr6:106,555,227
INFO	2025-10-18 13:56:20	SinglePassSamProgram	Processed    12,000,000 records.  Elapsed time: 00:01:11s.  Time for last 1,000,000:    6s.  Last read position: chr7:98,574,395
INFO	2025-10-18 13:56:27	SinglePassSamProgram	Processed    13,000,000 records.  Elapsed time: 00:01:18s.  Time for last 1,000,000:    6s.  Last read position: chr8:103,266,510
INFO	2025-10-18 13:56:31	SinglePassSamProgram	Processed    14,000,000 records.  Elapsed time: 00:01:22s.  Time for last 1,000,000:    4s.  Last read position: chr8:128,751,345
INFO	2025-10-18 13:56:37	SinglePassSamProgram	Processed    15,000,000 records.  Elapsed time: 00:01:28s.  Time for last 1,000,000:    5s.  Last read position: chr9:21,973,531
INFO	2025-10-18 13:56:43	SinglePassSamProgram	Processed    16,000,000 records.  Elapsed time: 00:01:34s.  Time for last 1,000,000:    5s.  Last read position: chr10:89,720,650
INFO	2025-10-18 13:56:49	SinglePassSamProgram	Processed    17,000,000 records.  Elapsed time: 00:01:40s.  Time for last 1,000,000:    5s.  Last read position: chr11:102,207,704
INFO	2025-10-18 13:56:53	SinglePassSamProgram	Processed    18,000,000 records.  Elapsed time: 00:01:44s.  Time for last 1,000,000:    4s.  Last read position: chr11:108,159,692
INFO	2025-10-18 13:56:57	SinglePassSamProgram	Processed    19,000,000 records.  Elapsed time: 00:01:48s.  Time for last 1,000,000:    4s.  Last read position: chr11:108,201,019
INFO	2025-10-18 13:57:03	SinglePassSamProgram	Processed    20,000,000 records.  Elapsed time: 00:01:54s.  Time for last 1,000,000:    5s.  Last read position: chr12:12,038,103
INFO	2025-10-18 13:57:07	SinglePassSamProgram	Processed    21,000,000 records.  Elapsed time: 00:01:58s.  Time for last 1,000,000:    4s.  Last read position: chr12:12,040,854
INFO	2025-10-18 13:57:11	SinglePassSamProgram	Processed    22,000,000 records.  Elapsed time: 00:02:02s.  Time for last 1,000,000:    4s.  Last read position: chr12:12,043,198
INFO	2025-10-18 13:57:15	SinglePassSamProgram	Processed    23,000,000 records.  Elapsed time: 00:02:06s.  Time for last 1,000,000:    4s.  Last read position: chr12:49,424,423
INFO	2025-10-18 13:57:19	SinglePassSamProgram	Processed    24,000,000 records.  Elapsed time: 00:02:10s.  Time for last 1,000,000:    4s.  Last read position: chr12:49,428,600
INFO	2025-10-18 13:57:23	SinglePassSamProgram	Processed    25,000,000 records.  Elapsed time: 00:02:14s.  Time for last 1,000,000:    3s.  Last read position: chr12:49,436,287
INFO	2025-10-18 13:57:27	SinglePassSamProgram	Processed    26,000,000 records.  Elapsed time: 00:02:18s.  Time for last 1,000,000:    3s.  Last read position: chr12:49,441,723
INFO	2025-10-18 13:57:31	SinglePassSamProgram	Processed    27,000,000 records.  Elapsed time: 00:02:22s.  Time for last 1,000,000:    3s.  Last read position: chr12:49,448,294
INFO	2025-10-18 13:57:36	SinglePassSamProgram	Processed    28,000,000 records.  Elapsed time: 00:02:27s.  Time for last 1,000,000:    5s.  Last read position: chr13:103,498,479
INFO	2025-10-18 13:57:44	SinglePassSamProgram	Processed    29,000,000 records.  Elapsed time: 00:02:35s.  Time for last 1,000,000:    7s.  Last read position: chr16:3,777,771
INFO	2025-10-18 13:57:48	SinglePassSamProgram	Processed    30,000,000 records.  Elapsed time: 00:02:39s.  Time for last 1,000,000:    3s.  Last read position: chr16:3,807,804
INFO	2025-10-18 13:57:52	SinglePassSamProgram	Processed    31,000,000 records.  Elapsed time: 00:02:43s.  Time for last 1,000,000:    3s.  Last read position: chr16:3,831,188
INFO	2025-10-18 13:57:57	SinglePassSamProgram	Processed    32,000,000 records.  Elapsed time: 00:02:48s.  Time for last 1,000,000:    5s.  Last read position: chr17:7,573,804
INFO	2025-10-18 13:58:01	SinglePassSamProgram	Processed    33,000,000 records.  Elapsed time: 00:02:52s.  Time for last 1,000,000:    3s.  Last read position: chr17:43,344,330
INFO	2025-10-18 13:58:07	SinglePassSamProgram	Processed    34,000,000 records.  Elapsed time: 00:02:58s.  Time for last 1,000,000:    5s.  Last read position: chr19:11,136,781
INFO	2025-10-18 13:58:14	SinglePassSamProgram	Processed    35,000,000 records.  Elapsed time: 00:03:05s.  Time for last 1,000,000:    7s.  Last read position: chrX:41,204,519
INFO	2025-10-18 13:58:15	RExecutor	Executing R script via command: Rscript /tmp/script9691817597027334828.R /cluster/work/bewi/members/gbotta/exploratory_da/results/qc/on_target/gc_bias/QGF-211699_QGF-211702/gc_bias_metrics.txt /cluster/work/bewi/members/gbotta/exploratory_da/results/qc/on_target/gc_bias/QGF-211699_QGF-211702/summary_metrics.txt /cluster/work/bewi/members/gbotta/exploratory_da/results/qc/on_target/gc_bias/QGF-211699_QGF-211702/gc_bias_metrics.pdf 100
ERROR	2025-10-18 13:58:16	ProcessExecutor	During startup - Warning messages:
ERROR	2025-10-18 13:58:16	ProcessExecutor	1: Setting LC_CTYPE failed, using "C" 
ERROR	2025-10-18 13:58:16	ProcessExecutor	2: Setting LC_COLLATE failed, using "C" 
ERROR	2025-10-18 13:58:16	ProcessExecutor	3: Setting LC_TIME failed, using "C" 
ERROR	2025-10-18 13:58:16	ProcessExecutor	4: Setting LC_MESSAGES failed, using "C" 
ERROR	2025-10-18 13:58:16	ProcessExecutor	5: Setting LC_MONETARY failed, using "C" 
ERROR	2025-10-18 13:58:16	ProcessExecutor	6: Setting LC_PAPER failed, using "C" 
ERROR	2025-10-18 13:58:16	ProcessExecutor	7: Setting LC_MEASUREMENT failed, using "C" 
INFO	2025-10-18 13:58:16	ProcessExecutor	Total clusters:  17638586 , Aligned reads:  35230604
[Sat Oct 18 13:58:16 GMT 2025] picard.analysis.CollectGcBiasMetrics done. Elapsed time: 3.93 minutes.
Runtime.totalMemory()=629145600
