/cluster/work/bewi/members/gbotta/exploratory_da/workflow/.snakemake/conda/d84ec9f799574f40cc3a30393c2faafd_/bin/picard: line 5: warning: setlocale: LC_ALL: cannot change locale (en_US.UTF-8): No such file or directory
INFO	2025-10-18 13:54:16	CollectGcBiasMetrics	

********** NOTE: Picard's command line syntax is changing.
**********
********** For more information, please see:
********** 
https://github.com/broadinstitute/picard/wiki/Command-Line-Syntax-Transition-For-Users-(Pre-Transition)
**********
********** The command line looks like this in the new syntax:
**********
**********    CollectGcBiasMetrics -I /cluster/work/bewi/members/gbotta/exploratory_da/results/prepare/bams/QGF-211698_QGF-211701/mapped.sorted.healthy_cells.on_target.bam -O /cluster/work/bewi/members/gbotta/exploratory_da/results/qc/on_target/gc_bias/QGF-211698_QGF-211701/gc_bias_metrics.txt -CHART /cluster/work/bewi/members/gbotta/exploratory_da/results/qc/on_target/gc_bias/QGF-211698_QGF-211701/gc_bias_metrics.pdf -S /cluster/work/bewi/members/gbotta/exploratory_da/results/qc/on_target/gc_bias/QGF-211698_QGF-211701/summary_metrics.txt -R /cluster/work/bewi/members/jgawron/INTeRCePT/tapestri/hg19/ucsc_hg19.fa
**********


INFO	2025-10-18 13:54:17	RExecutor	Executing R script via command: Rscript /tmp/script215495540631688761.R
ERROR	2025-10-18 13:54:19	ProcessExecutor	During startup - Warning messages:
ERROR	2025-10-18 13:54:19	ProcessExecutor	1: Setting LC_CTYPE failed, using "C" 
ERROR	2025-10-18 13:54:19	ProcessExecutor	2: Setting LC_COLLATE failed, using "C" 
ERROR	2025-10-18 13:54:19	ProcessExecutor	3: Setting LC_TIME failed, using "C" 
ERROR	2025-10-18 13:54:19	ProcessExecutor	4: Setting LC_MESSAGES failed, using "C" 
ERROR	2025-10-18 13:54:19	ProcessExecutor	5: Setting LC_MONETARY failed, using "C" 
ERROR	2025-10-18 13:54:19	ProcessExecutor	6: Setting LC_PAPER failed, using "C" 
ERROR	2025-10-18 13:54:19	ProcessExecutor	7: Setting LC_MEASUREMENT failed, using "C" 
INFO	2025-10-18 13:54:19	ProcessExecutor	[1] "Checking if R is installed"
13:54:19.276 INFO  NativeLibraryLoader - Loading libgkl_compression.so from jar:file:/cluster/work/bewi/members/gbotta/exploratory_da/workflow/.snakemake/conda/d84ec9f799574f40cc3a30393c2faafd_/share/picard-3.4.0-0/picard.jar!/com/intel/gkl/native/libgkl_compression.so
WARNING: A restricted method in java.lang.System has been called
WARNING: java.lang.System::load has been called by com.intel.gkl.NativeLibraryLoader in an unnamed module (file:/cluster/work/bewi/members/gbotta/exploratory_da/workflow/.snakemake/conda/d84ec9f799574f40cc3a30393c2faafd_/share/picard-3.4.0-0/picard.jar)
WARNING: Use --enable-native-access=ALL-UNNAMED to avoid a warning for callers in this module
WARNING: Restricted methods will be blocked in a future release unless native access is enabled

[Sat Oct 18 13:54:19 GMT 2025] CollectGcBiasMetrics CHART_OUTPUT=/cluster/work/bewi/members/gbotta/exploratory_da/results/qc/on_target/gc_bias/QGF-211698_QGF-211701/gc_bias_metrics.pdf SUMMARY_OUTPUT=/cluster/work/bewi/members/gbotta/exploratory_da/results/qc/on_target/gc_bias/QGF-211698_QGF-211701/summary_metrics.txt INPUT=/cluster/work/bewi/members/gbotta/exploratory_da/results/prepare/bams/QGF-211698_QGF-211701/mapped.sorted.healthy_cells.on_target.bam OUTPUT=/cluster/work/bewi/members/gbotta/exploratory_da/results/qc/on_target/gc_bias/QGF-211698_QGF-211701/gc_bias_metrics.txt REFERENCE_SEQUENCE=/cluster/work/bewi/members/jgawron/INTeRCePT/tapestri/hg19/ucsc_hg19.fa    SCAN_WINDOW_SIZE=100 MINIMUM_GENOME_FRACTION=1.0E-5 IS_BISULFITE_SEQUENCED=false METRIC_ACCUMULATION_LEVEL=[ALL_READS] ALSO_IGNORE_DUPLICATES=false ASSUME_SORTED=true STOP_AFTER=0 VERBOSITY=INFO QUIET=false VALIDATION_STRINGENCY=STRICT COMPRESSION_LEVEL=5 MAX_RECORDS_IN_RAM=500000 CREATE_INDEX=false CREATE_MD5_FILE=false USE_JDK_DEFLATER=false USE_JDK_INFLATER=false
[Sat Oct 18 13:54:19 GMT 2025] Executing as gbotta@eu-g9-041-4 on Linux 5.15.0-153-generic amd64; OpenJDK 64-Bit Server VM 24.0.2-internal-adhoc.conda.src; Deflater: Intel; Inflater: Intel; Provider GCS is available; Picard version: 3.4.0
INFO	2025-10-18 13:55:17	SinglePassSamProgram	Processed     1,000,000 records.  Elapsed time: 00:00:08s.  Time for last 1,000,000:    4s.  Last read position: chr1:120,465,277
INFO	2025-10-18 13:55:22	SinglePassSamProgram	Processed     2,000,000 records.  Elapsed time: 00:00:13s.  Time for last 1,000,000:    4s.  Last read position: chr1:120,506,190
INFO	2025-10-18 13:55:32	SinglePassSamProgram	Processed     3,000,000 records.  Elapsed time: 00:00:23s.  Time for last 1,000,000:   10s.  Last read position: chr3:38,182,397
INFO	2025-10-18 13:55:36	SinglePassSamProgram	Processed     4,000,000 records.  Elapsed time: 00:00:28s.  Time for last 1,000,000:    4s.  Last read position: chr3:187,462,969
INFO	2025-10-18 13:55:48	SinglePassSamProgram	Processed     5,000,000 records.  Elapsed time: 00:00:39s.  Time for last 1,000,000:   11s.  Last read position: chr6:91,004,520
INFO	2025-10-18 13:55:54	SinglePassSamProgram	Processed     6,000,000 records.  Elapsed time: 00:00:45s.  Time for last 1,000,000:    6s.  Last read position: chr7:82,581,126
INFO	2025-10-18 13:56:01	SinglePassSamProgram	Processed     7,000,000 records.  Elapsed time: 00:00:52s.  Time for last 1,000,000:    6s.  Last read position: chr8:103,287,815
INFO	2025-10-18 13:56:07	SinglePassSamProgram	Processed     8,000,000 records.  Elapsed time: 00:00:58s.  Time for last 1,000,000:    6s.  Last read position: chr9:21,973,630
INFO	2025-10-18 13:56:15	SinglePassSamProgram	Processed     9,000,000 records.  Elapsed time: 00:01:06s.  Time for last 1,000,000:    7s.  Last read position: chr11:102,207,352
INFO	2025-10-18 13:56:19	SinglePassSamProgram	Processed    10,000,000 records.  Elapsed time: 00:01:10s.  Time for last 1,000,000:    4s.  Last read position: chr11:108,165,661
INFO	2025-10-18 13:56:25	SinglePassSamProgram	Processed    11,000,000 records.  Elapsed time: 00:01:16s.  Time for last 1,000,000:    6s.  Last read position: chr12:12,037,515
INFO	2025-10-18 13:56:29	SinglePassSamProgram	Processed    12,000,000 records.  Elapsed time: 00:01:20s.  Time for last 1,000,000:    4s.  Last read position: chr12:12,043,198
INFO	2025-10-18 13:56:33	SinglePassSamProgram	Processed    13,000,000 records.  Elapsed time: 00:01:24s.  Time for last 1,000,000:    4s.  Last read position: chr12:49,432,326
INFO	2025-10-18 13:56:38	SinglePassSamProgram	Processed    14,000,000 records.  Elapsed time: 00:01:29s.  Time for last 1,000,000:    4s.  Last read position: chr12:49,445,902
INFO	2025-10-18 13:56:46	SinglePassSamProgram	Processed    15,000,000 records.  Elapsed time: 00:01:37s.  Time for last 1,000,000:    7s.  Last read position: chr15:93,540,423
INFO	2025-10-18 13:56:51	SinglePassSamProgram	Processed    16,000,000 records.  Elapsed time: 00:01:42s.  Time for last 1,000,000:    5s.  Last read position: chr16:3,828,100
INFO	2025-10-18 13:56:56	SinglePassSamProgram	Processed    17,000,000 records.  Elapsed time: 00:01:47s.  Time for last 1,000,000:    5s.  Last read position: chr17:7,578,172
INFO	2025-10-18 13:57:03	SinglePassSamProgram	Processed    18,000,000 records.  Elapsed time: 00:01:54s.  Time for last 1,000,000:    6s.  Last read position: chr20:35,555,537
INFO	2025-10-18 13:57:08	RExecutor	Executing R script via command: Rscript /tmp/script7640586677163182667.R /cluster/work/bewi/members/gbotta/exploratory_da/results/qc/on_target/gc_bias/QGF-211698_QGF-211701/gc_bias_metrics.txt /cluster/work/bewi/members/gbotta/exploratory_da/results/qc/on_target/gc_bias/QGF-211698_QGF-211701/summary_metrics.txt /cluster/work/bewi/members/gbotta/exploratory_da/results/qc/on_target/gc_bias/QGF-211698_QGF-211701/gc_bias_metrics.pdf 100
ERROR	2025-10-18 13:57:08	ProcessExecutor	During startup - Warning messages:
ERROR	2025-10-18 13:57:08	ProcessExecutor	1: Setting LC_CTYPE failed, using "C" 
ERROR	2025-10-18 13:57:08	ProcessExecutor	2: Setting LC_COLLATE failed, using "C" 
ERROR	2025-10-18 13:57:08	ProcessExecutor	3: Setting LC_TIME failed, using "C" 
ERROR	2025-10-18 13:57:08	ProcessExecutor	4: Setting LC_MESSAGES failed, using "C" 
ERROR	2025-10-18 13:57:08	ProcessExecutor	5: Setting LC_MONETARY failed, using "C" 
ERROR	2025-10-18 13:57:08	ProcessExecutor	6: Setting LC_PAPER failed, using "C" 
ERROR	2025-10-18 13:57:08	ProcessExecutor	7: Setting LC_MEASUREMENT failed, using "C" 
INFO	2025-10-18 13:57:09	ProcessExecutor	Total clusters:  9223139 , Aligned reads:  18428311
[Sat Oct 18 13:57:09 GMT 2025] picard.analysis.CollectGcBiasMetrics done. Elapsed time: 2.83 minutes.
Runtime.totalMemory()=1262485504
