/cluster/work/bewi/members/gbotta/exploratory_da/workflow/.snakemake/conda/d84ec9f799574f40cc3a30393c2faafd_/bin/picard: line 5: warning: setlocale: LC_ALL: cannot change locale (en_US.UTF-8): No such file or directory
INFO	2025-10-18 13:54:16	CollectGcBiasMetrics	

********** NOTE: Picard's command line syntax is changing.
**********
********** For more information, please see:
********** 
https://github.com/broadinstitute/picard/wiki/Command-Line-Syntax-Transition-For-Users-(Pre-Transition)
**********
********** The command line looks like this in the new syntax:
**********
**********    CollectGcBiasMetrics -I /cluster/work/bewi/members/gbotta/exploratory_da/results/prepare/bams/QGF-211698_QGF-211701/mapped.sorted.healthy_cells.off_target.bam -O /cluster/work/bewi/members/gbotta/exploratory_da/results/qc/off_target/gc_bias/QGF-211698_QGF-211701/gc_bias_metrics.txt -CHART /cluster/work/bewi/members/gbotta/exploratory_da/results/qc/off_target/gc_bias/QGF-211698_QGF-211701/gc_bias_metrics.pdf -S /cluster/work/bewi/members/gbotta/exploratory_da/results/qc/off_target/gc_bias/QGF-211698_QGF-211701/summary_metrics.txt -R /cluster/work/bewi/members/jgawron/INTeRCePT/tapestri/hg19/ucsc_hg19.fa
**********


INFO	2025-10-18 13:54:17	RExecutor	Executing R script via command: Rscript /tmp/script309406264053962399.R
ERROR	2025-10-18 13:54:19	ProcessExecutor	During startup - Warning messages:
ERROR	2025-10-18 13:54:19	ProcessExecutor	1: Setting LC_CTYPE failed, using "C" 
ERROR	2025-10-18 13:54:19	ProcessExecutor	2: Setting LC_COLLATE failed, using "C" 
ERROR	2025-10-18 13:54:19	ProcessExecutor	3: Setting LC_TIME failed, using "C" 
ERROR	2025-10-18 13:54:19	ProcessExecutor	4: Setting LC_MESSAGES failed, using "C" 
ERROR	2025-10-18 13:54:19	ProcessExecutor	5: Setting LC_MONETARY failed, using "C" 
ERROR	2025-10-18 13:54:19	ProcessExecutor	6: Setting LC_PAPER failed, using "C" 
ERROR	2025-10-18 13:54:19	ProcessExecutor	7: Setting LC_MEASUREMENT failed, using "C" 
INFO	2025-10-18 13:54:19	ProcessExecutor	[1] "Checking if R is installed"
13:54:19.276 INFO  NativeLibraryLoader - Loading libgkl_compression.so from jar:file:/cluster/work/bewi/members/gbotta/exploratory_da/workflow/.snakemake/conda/d84ec9f799574f40cc3a30393c2faafd_/share/picard-3.4.0-0/picard.jar!/com/intel/gkl/native/libgkl_compression.so
WARNING: A restricted method in java.lang.System has been called
WARNING: java.lang.System::load has been called by com.intel.gkl.NativeLibraryLoader in an unnamed module (file:/cluster/work/bewi/members/gbotta/exploratory_da/workflow/.snakemake/conda/d84ec9f799574f40cc3a30393c2faafd_/share/picard-3.4.0-0/picard.jar)
WARNING: Use --enable-native-access=ALL-UNNAMED to avoid a warning for callers in this module
WARNING: Restricted methods will be blocked in a future release unless native access is enabled

[Sat Oct 18 13:54:19 GMT 2025] CollectGcBiasMetrics CHART_OUTPUT=/cluster/work/bewi/members/gbotta/exploratory_da/results/qc/off_target/gc_bias/QGF-211698_QGF-211701/gc_bias_metrics.pdf SUMMARY_OUTPUT=/cluster/work/bewi/members/gbotta/exploratory_da/results/qc/off_target/gc_bias/QGF-211698_QGF-211701/summary_metrics.txt INPUT=/cluster/work/bewi/members/gbotta/exploratory_da/results/prepare/bams/QGF-211698_QGF-211701/mapped.sorted.healthy_cells.off_target.bam OUTPUT=/cluster/work/bewi/members/gbotta/exploratory_da/results/qc/off_target/gc_bias/QGF-211698_QGF-211701/gc_bias_metrics.txt REFERENCE_SEQUENCE=/cluster/work/bewi/members/jgawron/INTeRCePT/tapestri/hg19/ucsc_hg19.fa    SCAN_WINDOW_SIZE=100 MINIMUM_GENOME_FRACTION=1.0E-5 IS_BISULFITE_SEQUENCED=false METRIC_ACCUMULATION_LEVEL=[ALL_READS] ALSO_IGNORE_DUPLICATES=false ASSUME_SORTED=true STOP_AFTER=0 VERBOSITY=INFO QUIET=false VALIDATION_STRINGENCY=STRICT COMPRESSION_LEVEL=5 MAX_RECORDS_IN_RAM=500000 CREATE_INDEX=false CREATE_MD5_FILE=false USE_JDK_DEFLATER=false USE_JDK_INFLATER=false
[Sat Oct 18 13:54:19 GMT 2025] Executing as gbotta@eu-g9-041-4 on Linux 5.15.0-153-generic amd64; OpenJDK 64-Bit Server VM 24.0.2-internal-adhoc.conda.src; Deflater: Intel; Inflater: Intel; Provider GCS is available; Picard version: 3.4.0
INFO	2025-10-18 13:55:16	SinglePassSamProgram	Processed     1,000,000 records.  Elapsed time: 00:00:07s.  Time for last 1,000,000:    4s.  Last read position: chr1:120,512,119
INFO	2025-10-18 13:55:26	SinglePassSamProgram	Processed     2,000,000 records.  Elapsed time: 00:00:17s.  Time for last 1,000,000:    9s.  Last read position: chr3:187,449,485
INFO	2025-10-18 13:55:37	SinglePassSamProgram	Processed     3,000,000 records.  Elapsed time: 00:00:28s.  Time for last 1,000,000:   10s.  Last read position: chr6:106,553,408
INFO	2025-10-18 13:55:46	SinglePassSamProgram	Processed     4,000,000 records.  Elapsed time: 00:00:37s.  Time for last 1,000,000:    9s.  Last read position: chr9:21,974,453
INFO	2025-10-18 13:55:54	SinglePassSamProgram	Processed     5,000,000 records.  Elapsed time: 00:00:45s.  Time for last 1,000,000:    7s.  Last read position: chr11:108,159,692
INFO	2025-10-18 13:55:59	SinglePassSamProgram	Processed     6,000,000 records.  Elapsed time: 00:00:50s.  Time for last 1,000,000:    5s.  Last read position: chr12:49,426,422
INFO	2025-10-18 13:56:08	SinglePassSamProgram	Processed     7,000,000 records.  Elapsed time: 00:00:59s.  Time for last 1,000,000:    8s.  Last read position: chr16:3,777,516
INFO	2025-10-18 13:56:14	SinglePassSamProgram	Processed     8,000,000 records.  Elapsed time: 00:01:05s.  Time for last 1,000,000:    6s.  Last read position: chr19:6,586,184
INFO	2025-10-18 13:56:21	RExecutor	Executing R script via command: Rscript /tmp/script8458835273650351797.R /cluster/work/bewi/members/gbotta/exploratory_da/results/qc/off_target/gc_bias/QGF-211698_QGF-211701/gc_bias_metrics.txt /cluster/work/bewi/members/gbotta/exploratory_da/results/qc/off_target/gc_bias/QGF-211698_QGF-211701/summary_metrics.txt /cluster/work/bewi/members/gbotta/exploratory_da/results/qc/off_target/gc_bias/QGF-211698_QGF-211701/gc_bias_metrics.pdf 100
ERROR	2025-10-18 13:56:24	ProcessExecutor	During startup - Warning messages:
ERROR	2025-10-18 13:56:25	ProcessExecutor	1: Setting LC_CTYPE failed, using "C" 
ERROR	2025-10-18 13:56:25	ProcessExecutor	2: Setting LC_COLLATE failed, using "C" 
ERROR	2025-10-18 13:56:25	ProcessExecutor	3: Setting LC_TIME failed, using "C" 
ERROR	2025-10-18 13:56:25	ProcessExecutor	4: Setting LC_MESSAGES failed, using "C" 
ERROR	2025-10-18 13:56:25	ProcessExecutor	5: Setting LC_MONETARY failed, using "C" 
ERROR	2025-10-18 13:56:25	ProcessExecutor	6: Setting LC_PAPER failed, using "C" 
ERROR	2025-10-18 13:56:25	ProcessExecutor	7: Setting LC_MEASUREMENT failed, using "C" 
INFO	2025-10-18 13:56:26	ProcessExecutor	Total clusters:  3469521 , Aligned reads:  8320188
[Sat Oct 18 13:56:26 GMT 2025] picard.analysis.CollectGcBiasMetrics done. Elapsed time: 2.12 minutes.
Runtime.totalMemory()=1261436928
